<?xml version="1.0" encoding="UTF-8"?>
<testsuite xmlns:xsi="http://www.w3.org/2001/XMLSchema-instance" xsi:noNamespaceSchemaLocation="https://maven.apache.org/surefire/maven-surefire-plugin/xsd/surefire-test-report-3.0.xsd" version="3.0" name="org.sonar.samples.java.checks.MyFirstCustomCheckTest" time="0.946" tests="1" errors="0" skipped="0" failures="1">
  <properties>
    <property name="sun.desktop" value="windows"/>
    <property name="awt.toolkit" value="sun.awt.windows.WToolkit"/>
    <property name="file.encoding.pkg" value="sun.io"/>
    <property name="java.specification.version" value="1.8"/>
    <property name="sun.cpu.isalist" value="amd64"/>
    <property name="sun.jnu.encoding" value="Cp1252"/>
    <property name="java.class.path" value="C:\Users\formation\Documents\SquashTA-1.10.0-RELEASE-workspace\java-custom-rules\target\test-classes;C:\Users\formation\Documents\SquashTA-1.10.0-RELEASE-workspace\java-custom-rules\target\classes;C:\Users\formation\.m2\repository\org\sonarsource\sonarqube\sonar-plugin-api\8.2.0.32929\sonar-plugin-api-8.2.0.32929.jar;C:\Users\formation\.m2\repository\org\sonarsource\java\sonar-java-plugin\4.15.0.12310\sonar-java-plugin-4.15.0.12310.jar;C:\Users\formation\.m2\repository\org\sonarsource\java\java-surefire\4.15.0.12310\java-surefire-4.15.0.12310.jar;C:\Users\formation\.m2\repository\org\sonarsource\java\java-jacoco\4.15.0.12310\java-jacoco-4.15.0.12310.jar;C:\Users\formation\.m2\repository\org\jacoco\org.jacoco.core\0.7.9\org.jacoco.core-0.7.9.jar;C:\Users\formation\.m2\repository\org\sonarsource\java\java-jacoco-previous\4.15.0.12310\java-jacoco-previous-4.15.0.12310.jar;C:\Users\formation\.m2\repository\org\sonarsource\java\java-frontend\4.15.0.12310\java-frontend-4.15.0.12310.jar;C:\Users\formation\.m2\repository\org\sonarsource\java\java-maven-model\4.15.0.12310\java-maven-model-4.15.0.12310.jar;C:\Users\formation\.m2\repository\org\ow2\asm\asm-debug-all\5.2\asm-debug-all-5.2.jar;C:\Users\formation\.m2\repository\org\apache\maven\maven-project\2.0.7\maven-project-2.0.7.jar;C:\Users\formation\.m2\repository\org\apache\maven\maven-settings\2.0.7\maven-settings-2.0.7.jar;C:\Users\formation\.m2\repository\org\apache\maven\maven-profile\2.0.7\maven-profile-2.0.7.jar;C:\Users\formation\.m2\repository\org\apache\maven\maven-model\2.0.7\maven-model-2.0.7.jar;C:\Users\formation\.m2\repository\org\apache\maven\maven-artifact-manager\2.0.7\maven-artifact-manager-2.0.7.jar;C:\Users\formation\.m2\repository\org\apache\maven\maven-repository-metadata\2.0.7\maven-repository-metadata-2.0.7.jar;C:\Users\formation\.m2\repository\org\apache\maven\wagon\wagon-provider-api\1.0-beta-2\wagon-provider-api-1.0-beta-2.jar;C:\Users\formation\.m2\repository\org\apache\maven\maven-plugin-registry\2.0.7\maven-plugin-registry-2.0.7.jar;C:\Users\formation\.m2\repository\org\codehaus\plexus\plexus-utils\1.4.1\plexus-utils-1.4.1.jar;C:\Users\formation\.m2\repository\org\apache\maven\maven-artifact\2.0.7\maven-artifact-2.0.7.jar;C:\Users\formation\.m2\repository\org\codehaus\plexus\plexus-container-default\1.0-alpha-9-stable-1\plexus-container-default-1.0-alpha-9-stable-1.jar;C:\Users\formation\.m2\repository\classworlds\classworlds\1.1-alpha-2\classworlds-1.1-alpha-2.jar;C:\Users\formation\.m2\repository\javax\xml\bind\jaxb-api\2.3.0\jaxb-api-2.3.0.jar;C:\Users\formation\.m2\repository\org\glassfish\jaxb\jaxb-runtime\2.3.0\jaxb-runtime-2.3.0.jar;C:\Users\formation\.m2\repository\org\glassfish\jaxb\jaxb-core\2.3.0\jaxb-core-2.3.0.jar;C:\Users\formation\.m2\repository\org\glassfish\jaxb\txw2\2.3.0\txw2-2.3.0.jar;C:\Users\formation\.m2\repository\com\sun\istack\istack-commons-runtime\3.0.5\istack-commons-runtime-3.0.5.jar;C:\Users\formation\.m2\repository\org\jvnet\staxex\stax-ex\1.7.8\stax-ex-1.7.8.jar;C:\Users\formation\.m2\repository\com\sun\xml\fastinfoset\FastInfoset\1.2.13\FastInfoset-1.2.13.jar;C:\Users\formation\.m2\repository\com\sun\activation\javax.activation\1.2.0\javax.activation-1.2.0.jar;C:\Users\formation\.m2\repository\org\sonarsource\java\java-checks\4.15.0.12310\java-checks-4.15.0.12310.jar;C:\Users\formation\.m2\repository\org\sonarsource\sonarqube\sonar-plugin-api-impl\8.2.0.32929\sonar-plugin-api-impl-8.2.0.32929.jar;C:\Users\formation\.m2\repository\commons-codec\commons-codec\1.12\commons-codec-1.12.jar;C:\Users\formation\.m2\repository\commons-io\commons-io\2.6\commons-io-2.6.jar;C:\Users\formation\.m2\repository\org\apache\commons\commons-csv\1.7\commons-csv-1.7.jar;C:\Users\formation\.m2\repository\org\sonarsource\sslr-squid-bridge\sslr-squid-bridge\2.6.1\sslr-squid-bridge-2.6.1.jar;C:\Users\formation\.m2\repository\org\picocontainer\picocontainer\2.14.1\picocontainer-2.14.1.jar;C:\Users\formation\.m2\repository\org\sonarsource\java\java-checks-testkit\4.15.0.12310\java-checks-testkit-4.15.0.12310.jar;C:\Users\formation\.m2\repository\com\google\code\gson\gson\2.6.2\gson-2.6.2.jar;C:\Users\formation\.m2\repository\org\sonarsource\sslr\sslr-testing-harness\1.21\sslr-testing-harness-1.21.jar;C:\Users\formation\.m2\repository\org\sonarsource\sslr\sslr-core\1.21\sslr-core-1.21.jar;C:\Users\formation\.m2\repository\cglib\cglib-nodep\3.1\cglib-nodep-3.1.jar;C:\Users\formation\.m2\repository\org\sonarsource\sslr\sslr-toolkit\1.21\sslr-toolkit-1.21.jar;C:\Users\formation\.m2\repository\org\sonarsource\sslr\sslr-xpath\1.21\sslr-xpath-1.21.jar;C:\Users\formation\.m2\repository\jaxen\jaxen\1.1.4\jaxen-1.1.4.jar;C:\Users\formation\.m2\repository\org\codehaus\sonar\sonar-colorizer\3.7\sonar-colorizer-3.7.jar;C:\Users\formation\.m2\repository\org\codehaus\sonar\sonar-channel\3.7\sonar-channel-3.7.jar;C:\Users\formation\.m2\repository\org\easytesting\fest-assert\1.4\fest-assert-1.4.jar;C:\Users\formation\.m2\repository\org\easytesting\fest-util\1.1.6\fest-util-1.1.6.jar;C:\Users\formation\.m2\repository\org\hamcrest\hamcrest-all\1.1\hamcrest-all-1.1.jar;C:\Users\formation\.m2\repository\commons-lang\commons-lang\2.6\commons-lang-2.6.jar;C:\Users\formation\.m2\repository\com\google\guava\guava\26.0-jre\guava-26.0-jre.jar;C:\Users\formation\.m2\repository\com\google\code\findbugs\jsr305\3.0.2\jsr305-3.0.2.jar;C:\Users\formation\.m2\repository\org\checkerframework\checker-qual\2.5.2\checker-qual-2.5.2.jar;C:\Users\formation\.m2\repository\com\google\errorprone\error_prone_annotations\2.1.3\error_prone_annotations-2.1.3.jar;C:\Users\formation\.m2\repository\com\google\j2objc\j2objc-annotations\1.1\j2objc-annotations-1.1.jar;C:\Users\formation\.m2\repository\org\codehaus\mojo\animal-sniffer-annotations\1.14\animal-sniffer-annotations-1.14.jar;C:\Users\formation\.m2\repository\org\slf4j\slf4j-api\1.6.2\slf4j-api-1.6.2.jar;C:\Users\formation\.m2\repository\junit\junit\4.11\junit-4.11.jar;C:\Users\formation\.m2\repository\org\hamcrest\hamcrest-core\1.3\hamcrest-core-1.3.jar;C:\Users\formation\.m2\repository\org\assertj\assertj-core\3.6.1\assertj-core-3.6.1.jar;C:\Users\formation\.m2\repository\ch\qos\logback\logback-classic\0.9.30\logback-classic-0.9.30.jar;C:\Users\formation\.m2\repository\ch\qos\logback\logback-core\0.9.30\logback-core-0.9.30.jar;"/>
    <property name="java.vm.vendor" value="Oracle Corporation"/>
    <property name="sun.arch.data.model" value="64"/>
    <property name="user.variant" value=""/>
    <property name="java.vendor.url" value="http://java.oracle.com/"/>
    <property name="user.timezone" value="Europe/Paris"/>
    <property name="java.vm.specification.version" value="1.8"/>
    <property name="os.name" value="Windows 10"/>
    <property name="user.country" value="FR"/>
    <property name="sun.java.launcher" value="SUN_STANDARD"/>
    <property name="sun.boot.library.path" value="C:\Installation\Java\jdk1.8.0_152\jre\bin"/>
    <property name="sun.java.command" value="C:\Users\formation\AppData\Local\Temp\surefire3600376309187995301\surefirebooter159025255354509626.jar C:\Users\formation\AppData\Local\Temp\surefire3600376309187995301 2020-09-14T15-19-01_714-jvmRun1 surefire6338182826786722256tmp surefire_04027844991624664629tmp"/>
    <property name="surefire.test.class.path" value="C:\Users\formation\Documents\SquashTA-1.10.0-RELEASE-workspace\java-custom-rules\target\test-classes;C:\Users\formation\Documents\SquashTA-1.10.0-RELEASE-workspace\java-custom-rules\target\classes;C:\Users\formation\.m2\repository\org\sonarsource\sonarqube\sonar-plugin-api\8.2.0.32929\sonar-plugin-api-8.2.0.32929.jar;C:\Users\formation\.m2\repository\org\sonarsource\java\sonar-java-plugin\4.15.0.12310\sonar-java-plugin-4.15.0.12310.jar;C:\Users\formation\.m2\repository\org\sonarsource\java\java-surefire\4.15.0.12310\java-surefire-4.15.0.12310.jar;C:\Users\formation\.m2\repository\org\sonarsource\java\java-jacoco\4.15.0.12310\java-jacoco-4.15.0.12310.jar;C:\Users\formation\.m2\repository\org\jacoco\org.jacoco.core\0.7.9\org.jacoco.core-0.7.9.jar;C:\Users\formation\.m2\repository\org\sonarsource\java\java-jacoco-previous\4.15.0.12310\java-jacoco-previous-4.15.0.12310.jar;C:\Users\formation\.m2\repository\org\sonarsource\java\java-frontend\4.15.0.12310\java-frontend-4.15.0.12310.jar;C:\Users\formation\.m2\repository\org\sonarsource\java\java-maven-model\4.15.0.12310\java-maven-model-4.15.0.12310.jar;C:\Users\formation\.m2\repository\org\ow2\asm\asm-debug-all\5.2\asm-debug-all-5.2.jar;C:\Users\formation\.m2\repository\org\apache\maven\maven-project\2.0.7\maven-project-2.0.7.jar;C:\Users\formation\.m2\repository\org\apache\maven\maven-settings\2.0.7\maven-settings-2.0.7.jar;C:\Users\formation\.m2\repository\org\apache\maven\maven-profile\2.0.7\maven-profile-2.0.7.jar;C:\Users\formation\.m2\repository\org\apache\maven\maven-model\2.0.7\maven-model-2.0.7.jar;C:\Users\formation\.m2\repository\org\apache\maven\maven-artifact-manager\2.0.7\maven-artifact-manager-2.0.7.jar;C:\Users\formation\.m2\repository\org\apache\maven\maven-repository-metadata\2.0.7\maven-repository-metadata-2.0.7.jar;C:\Users\formation\.m2\repository\org\apache\maven\wagon\wagon-provider-api\1.0-beta-2\wagon-provider-api-1.0-beta-2.jar;C:\Users\formation\.m2\repository\org\apache\maven\maven-plugin-registry\2.0.7\maven-plugin-registry-2.0.7.jar;C:\Users\formation\.m2\repository\org\codehaus\plexus\plexus-utils\1.4.1\plexus-utils-1.4.1.jar;C:\Users\formation\.m2\repository\org\apache\maven\maven-artifact\2.0.7\maven-artifact-2.0.7.jar;C:\Users\formation\.m2\repository\org\codehaus\plexus\plexus-container-default\1.0-alpha-9-stable-1\plexus-container-default-1.0-alpha-9-stable-1.jar;C:\Users\formation\.m2\repository\classworlds\classworlds\1.1-alpha-2\classworlds-1.1-alpha-2.jar;C:\Users\formation\.m2\repository\javax\xml\bind\jaxb-api\2.3.0\jaxb-api-2.3.0.jar;C:\Users\formation\.m2\repository\org\glassfish\jaxb\jaxb-runtime\2.3.0\jaxb-runtime-2.3.0.jar;C:\Users\formation\.m2\repository\org\glassfish\jaxb\jaxb-core\2.3.0\jaxb-core-2.3.0.jar;C:\Users\formation\.m2\repository\org\glassfish\jaxb\txw2\2.3.0\txw2-2.3.0.jar;C:\Users\formation\.m2\repository\com\sun\istack\istack-commons-runtime\3.0.5\istack-commons-runtime-3.0.5.jar;C:\Users\formation\.m2\repository\org\jvnet\staxex\stax-ex\1.7.8\stax-ex-1.7.8.jar;C:\Users\formation\.m2\repository\com\sun\xml\fastinfoset\FastInfoset\1.2.13\FastInfoset-1.2.13.jar;C:\Users\formation\.m2\repository\com\sun\activation\javax.activation\1.2.0\javax.activation-1.2.0.jar;C:\Users\formation\.m2\repository\org\sonarsource\java\java-checks\4.15.0.12310\java-checks-4.15.0.12310.jar;C:\Users\formation\.m2\repository\org\sonarsource\sonarqube\sonar-plugin-api-impl\8.2.0.32929\sonar-plugin-api-impl-8.2.0.32929.jar;C:\Users\formation\.m2\repository\commons-codec\commons-codec\1.12\commons-codec-1.12.jar;C:\Users\formation\.m2\repository\commons-io\commons-io\2.6\commons-io-2.6.jar;C:\Users\formation\.m2\repository\org\apache\commons\commons-csv\1.7\commons-csv-1.7.jar;C:\Users\formation\.m2\repository\org\sonarsource\sslr-squid-bridge\sslr-squid-bridge\2.6.1\sslr-squid-bridge-2.6.1.jar;C:\Users\formation\.m2\repository\org\picocontainer\picocontainer\2.14.1\picocontainer-2.14.1.jar;C:\Users\formation\.m2\repository\org\sonarsource\java\java-checks-testkit\4.15.0.12310\java-checks-testkit-4.15.0.12310.jar;C:\Users\formation\.m2\repository\com\google\code\gson\gson\2.6.2\gson-2.6.2.jar;C:\Users\formation\.m2\repository\org\sonarsource\sslr\sslr-testing-harness\1.21\sslr-testing-harness-1.21.jar;C:\Users\formation\.m2\repository\org\sonarsource\sslr\sslr-core\1.21\sslr-core-1.21.jar;C:\Users\formation\.m2\repository\cglib\cglib-nodep\3.1\cglib-nodep-3.1.jar;C:\Users\formation\.m2\repository\org\sonarsource\sslr\sslr-toolkit\1.21\sslr-toolkit-1.21.jar;C:\Users\formation\.m2\repository\org\sonarsource\sslr\sslr-xpath\1.21\sslr-xpath-1.21.jar;C:\Users\formation\.m2\repository\jaxen\jaxen\1.1.4\jaxen-1.1.4.jar;C:\Users\formation\.m2\repository\org\codehaus\sonar\sonar-colorizer\3.7\sonar-colorizer-3.7.jar;C:\Users\formation\.m2\repository\org\codehaus\sonar\sonar-channel\3.7\sonar-channel-3.7.jar;C:\Users\formation\.m2\repository\org\easytesting\fest-assert\1.4\fest-assert-1.4.jar;C:\Users\formation\.m2\repository\org\easytesting\fest-util\1.1.6\fest-util-1.1.6.jar;C:\Users\formation\.m2\repository\org\hamcrest\hamcrest-all\1.1\hamcrest-all-1.1.jar;C:\Users\formation\.m2\repository\commons-lang\commons-lang\2.6\commons-lang-2.6.jar;C:\Users\formation\.m2\repository\com\google\guava\guava\26.0-jre\guava-26.0-jre.jar;C:\Users\formation\.m2\repository\com\google\code\findbugs\jsr305\3.0.2\jsr305-3.0.2.jar;C:\Users\formation\.m2\repository\org\checkerframework\checker-qual\2.5.2\checker-qual-2.5.2.jar;C:\Users\formation\.m2\repository\com\google\errorprone\error_prone_annotations\2.1.3\error_prone_annotations-2.1.3.jar;C:\Users\formation\.m2\repository\com\google\j2objc\j2objc-annotations\1.1\j2objc-annotations-1.1.jar;C:\Users\formation\.m2\repository\org\codehaus\mojo\animal-sniffer-annotations\1.14\animal-sniffer-annotations-1.14.jar;C:\Users\formation\.m2\repository\org\slf4j\slf4j-api\1.6.2\slf4j-api-1.6.2.jar;C:\Users\formation\.m2\repository\junit\junit\4.11\junit-4.11.jar;C:\Users\formation\.m2\repository\org\hamcrest\hamcrest-core\1.3\hamcrest-core-1.3.jar;C:\Users\formation\.m2\repository\org\assertj\assertj-core\3.6.1\assertj-core-3.6.1.jar;C:\Users\formation\.m2\repository\ch\qos\logback\logback-classic\0.9.30\logback-classic-0.9.30.jar;C:\Users\formation\.m2\repository\ch\qos\logback\logback-core\0.9.30\logback-core-0.9.30.jar;"/>
    <property name="sun.cpu.endian" value="little"/>
    <property name="user.home" value="C:\Users\formation"/>
    <property name="user.language" value="fr"/>
    <property name="java.specification.vendor" value="Oracle Corporation"/>
    <property name="java.home" value="C:\Installation\Java\jdk1.8.0_152\jre"/>
    <property name="basedir" value="C:\Users\formation\Documents\SquashTA-1.10.0-RELEASE-workspace\java-custom-rules"/>
    <property name="file.separator" value="\"/>
    <property name="line.separator" value="&#10;"/>
    <property name="java.vm.specification.vendor" value="Oracle Corporation"/>
    <property name="java.specification.name" value="Java Platform API Specification"/>
    <property name="java.awt.graphicsenv" value="sun.awt.Win32GraphicsEnvironment"/>
    <property name="surefire.real.class.path" value="C:\Users\formation\AppData\Local\Temp\surefire3600376309187995301\surefirebooter159025255354509626.jar"/>
    <property name="sun.boot.class.path" value="C:\Installation\Java\jdk1.8.0_152\jre\lib\resources.jar;C:\Installation\Java\jdk1.8.0_152\jre\lib\rt.jar;C:\Installation\Java\jdk1.8.0_152\jre\lib\sunrsasign.jar;C:\Installation\Java\jdk1.8.0_152\jre\lib\jsse.jar;C:\Installation\Java\jdk1.8.0_152\jre\lib\jce.jar;C:\Installation\Java\jdk1.8.0_152\jre\lib\charsets.jar;C:\Installation\Java\jdk1.8.0_152\jre\lib\jfr.jar;C:\Installation\Java\jdk1.8.0_152\jre\classes"/>
    <property name="user.script" value=""/>
    <property name="sun.management.compiler" value="HotSpot 64-Bit Tiered Compilers"/>
    <property name="java.runtime.version" value="1.8.0_152-b16"/>
    <property name="user.name" value="formation"/>
    <property name="path.separator" value=";"/>
    <property name="os.version" value="10.0"/>
    <property name="java.endorsed.dirs" value="C:\Installation\Java\jdk1.8.0_152\jre\lib\endorsed"/>
    <property name="java.runtime.name" value="Java(TM) SE Runtime Environment"/>
    <property name="file.encoding" value="Cp1252"/>
    <property name="java.vm.name" value="Java HotSpot(TM) 64-Bit Server VM"/>
    <property name="localRepository" value="C:\Users\formation\.m2\repository"/>
    <property name="java.vendor.url.bug" value="http://bugreport.sun.com/bugreport/"/>
    <property name="java.io.tmpdir" value="C:\Users\FORMAT~1\AppData\Local\Temp\"/>
    <property name="java.version" value="1.8.0_152"/>
    <property name="user.dir" value="C:\Users\formation\Documents\SquashTA-1.10.0-RELEASE-workspace\java-custom-rules"/>
    <property name="os.arch" value="amd64"/>
    <property name="java.vm.specification.name" value="Java Virtual Machine Specification"/>
    <property name="java.awt.printerjob" value="sun.awt.windows.WPrinterJob"/>
    <property name="sun.os.patch.level" value=""/>
    <property name="java.library.path" value="C:\Installation\Java\jdk1.8.0_152\jre\bin;C:\WINDOWS\Sun\Java\bin;C:\WINDOWS\system32;C:\WINDOWS;C:/Installation/Java/jdk1.8.0_152/bin/../jre/bin/server;C:/Installation/Java/jdk1.8.0_152/bin/../jre/bin;C:/Installation/Java/jdk1.8.0_152/bin/../jre/lib/amd64;C:\Installation\Java\jdk1.8.0_152\bin;C:\Installation\SquashTA-Toolbox-1.10.0-RELEASE\apache-maven-3.5.0\bin;C:\Installation\SquashTA-Toolbox-1.10.0-RELEASE\eclipse-jee-oxygen-R-win32-x86_64;C:\ProgramData\Oracle\Java\javapath;C:\WINDOWS\system32;C:\WINDOWS;C:\WINDOWS\System32\Wbem;C:\WINDOWS\System32\WindowsPowerShell\v1.0\;C:\WINDOWS\System32\OpenSSH\;C:\Installation\wamp\bin\mysql\mysql5.1.36\bin;C:\INSTAL~1\Groovy\GROOVY~1.15\bin;C:\ProgramData\chocolatey\bin;C:\Program Files\Docker\Docker\resources\bin;C:\ProgramData\DockerDesktop\version-bin;C:\Program Files\Git\cmd;C:\Users\formation\AppData\Local\Microsoft\WindowsApps;C:\Installation\SquashTA-Toolbox-1.10.0-RELEASE\apache-maven-3.5.0\bin;;C:\Installation\SquashTA-Toolbox-1.10.0-RELEASE\eclipse-jee-oxygen-R-win32-x86_64;;."/>
    <property name="java.vm.info" value="mixed mode"/>
    <property name="java.vendor" value="Oracle Corporation"/>
    <property name="java.vm.version" value="25.152-b16"/>
    <property name="java.ext.dirs" value="C:\Installation\Java\jdk1.8.0_152\jre\lib\ext;C:\WINDOWS\Sun\Java\lib\ext"/>
    <property name="sun.io.unicode.encoding" value="UnicodeLittle"/>
    <property name="java.class.version" value="52.0"/>
  </properties>
  <testcase name="test" classname="org.sonar.samples.java.checks.MyFirstCustomCheckTest" time="0.907">
    <failure message="Unexpected at [5, 7, 10, 10, 11]" type="java.lang.AssertionError"><![CDATA[java.lang.AssertionError: Unexpected at [5, 7, 10, 10, 11]
	at org.sonar.samples.java.checks.MyFirstCustomCheckTest.test(MyFirstCustomCheckTest.java:10)
]]></failure>
    <system-out><![CDATA[15:19:03.513 [main] DEBUG o.s.java.bytecode.ClassLoaderBuilder - ----- Classpath analyzed by Squid:
15:19:03.516 [main] DEBUG o.s.java.bytecode.ClassLoaderBuilder - C:\Users\formation\Documents\SquashTA-1.10.0-RELEASE-workspace\java-custom-rules\target\test-jars\commons-collections4-4.0.jar
15:19:03.516 [main] DEBUG o.s.java.bytecode.ClassLoaderBuilder - C:\Users\formation\Documents\SquashTA-1.10.0-RELEASE-workspace\java-custom-rules\target\test-jars\javaee-api-6.0.jar
15:19:03.517 [main] DEBUG o.s.java.bytecode.ClassLoaderBuilder - C:\Users\formation\Documents\SquashTA-1.10.0-RELEASE-workspace\java-custom-rules\target\test-jars\spring-context-4.3.3.RELEASE.jar
15:19:03.517 [main] DEBUG o.s.java.bytecode.ClassLoaderBuilder - C:\Users\formation\Documents\SquashTA-1.10.0-RELEASE-workspace\java-custom-rules\target\test-jars\spring-web-4.3.3.RELEASE.jar
15:19:03.517 [main] DEBUG o.s.java.bytecode.ClassLoaderBuilder - C:\Users\formation\Documents\SquashTA-1.10.0-RELEASE-workspace\java-custom-rules\target\test-jars\spring-webmvc-4.3.3.RELEASE.jar
15:19:03.517 [main] DEBUG o.s.java.bytecode.ClassLoaderBuilder - C:\Users\formation\Documents\SquashTA-1.10.0-RELEASE-workspace\java-custom-rules\target\test-classes
15:19:03.517 [main] DEBUG o.s.java.bytecode.ClassLoaderBuilder - -----
15:19:03.876 [main] INFO  org.sonar.squidbridge.ProgressReport - 1 source files to be analyzed
15:19:04.140 [Report about progress of Java AST analyzer] INFO  org.sonar.squidbridge.ProgressReport - 1/1 source files have been analyzed
15:19:04.149 [main] DEBUG o.s.j.checks.verifier.CheckVerifier - Remediation function and cost not provided, "constant" is assumed.
]]></system-out>
  </testcase>
</testsuite>